objectBuilder:
inputPath=
process sheets
warning: unknown typeDef wc3obj
warning: unknown typeDef wc3obj
warning: unknown typeDef wc3obj
warning: unknown typeDef wc3obj
warning: unknown typeDef wc3obj
warning: unknown typeDef wc3obj
getSheet: sheet "D:\Warcraft III\Mapping\DWC\Scripts\Header\Spell.page\Spell.struct\parallelCastBuff.wc3buff" does not exist
getSheet: sheet "D:\Warcraft III\Mapping\DWC\Scripts\Header\Spell.page\Spell.struct\parallelCastBuff.wc3buff" does not exist
getSheet: sheet "D:\Warcraft III\Mapping\DWC\Scripts\Header\Spell.page\Spell.struct\parallelCastBuff.wc3buff" does not exist
getSheet: sheet "D:\Warcraft III\Mapping\DWC\Scripts\Header\Spell.page\Spell.struct\parallelCastBuff.wc3buff" does not exist
getSheet: sheet "D:\Warcraft III\Mapping\DWC\Scripts\Header\Spell.page\Spell.struct\parallelCastBuff.wc3buff" does not exist
getSheet: sheet "D:\Warcraft III\Mapping\DWC\Scripts\Header\Spell.page\Spell.struct\parallelCastBuff.wc3buff" does not exist
getSheet: sheet "D:\Warcraft III\Mapping\DWC\Scripts\Header\Spell.page\Spell.struct\parallelCastBuff.wc3buff" does not exist
getSheet: sheet "D:\Warcraft III\Mapping\DWC\Scripts\Header\Spell.page\Spell.struct\parallelCastBuff.wc3buff" does not exist
getSheet: sheet "D:\Warcraft III\Mapping\DWC\Scripts\Header\Spell.page\Spell.struct\parallelCastBuff.wc3buff" does not exist
getSheet: sheet "D:\Warcraft III\Mapping\DWC\Scripts\Header\Spell.page\Spell.struct\parallelCastBuff.wc3buff" does not exist
getSheet: sheet "D:\Warcraft III\Mapping\DWC\Scripts\Header\Spell.page\Spell.struct\parallelCastBuff.wc3buff" does not exist
getSheet: sheet "D:\Warcraft III\Mapping\DWC\Scripts\Header\Spell.page\Spell.struct\parallelCastBuff.wc3buff" does not exist
getSheet: sheet "D:\Warcraft III\Mapping\DWC\Scripts\Header\Spell.page\Spell.struct\parallelCastBuff.wc3buff" does not exist
getSheet: sheet "D:\Warcraft III\Mapping\DWC\Scripts\Header\Spell.page\Spell.struct\parallelCastBuff.wc3buff" does not exist
getSheet: sheet "D:\Warcraft III\Mapping\DWC\Scripts\Header\Spell.page\Spell.struct\parallelCastBuff.wc3buff" does not exist
getSheet: sheet "D:\Warcraft III\Mapping\DWC\Scripts\Header\Spell.page\Spell.struct\parallelCastBuff.wc3buff" does not exist
getSheet: sheet "D:\Warcraft III\Mapping\DWC\Scripts\Header\Spell.page\Spell.struct\parallelCastBuff.wc3buff" does not exist
getSheet: sheet "D:\Warcraft III\Mapping\DWC\Scripts\Header\Spell.page\Spell.struct\parallelCastBuff.wc3buff" does not exist
getSheet: sheet "D:\Warcraft III\Mapping\DWC\Scripts\Header\Spell.page\Spell.struct\parallelCastBuff.wc3buff" does not exist
getSheet: sheet "D:\Warcraft III\Mapping\DWC\Scripts\Header\Spell.page\Spell.struct\parallelCastBuff.wc3buff" does not exist
getSheet: sheet "D:\Warcraft III\Mapping\DWC\Scripts\Header\Spell.page\Spell.struct\parallelCastBuff.wc3buff" does not exist
getSheet: sheet "D:\Warcraft III\Mapping\DWC\Scripts\Header\Spell.page\Spell.struct\parallelCastBuff.wc3buff" does not exist
getSheet: sheet "D:\Warcraft III\Mapping\DWC\Scripts\Header\Spell.page\Spell.struct\parallelCastBuff.wc3buff" does not exist
getSheet: sheet "D:\Warcraft III\Mapping\DWC\Scripts\Header\Spell.page\Spell.struct\parallelCastBuff.wc3buff" does not exist
getSheet: sheet "D:\Warcraft III\Mapping\DWC\Scripts\Header\Spell.page\Spell.struct\parallelCastBuff.wc3buff" does not exist
getSheet: sheet "D:\Warcraft III\Mapping\DWC\Scripts\Header\Spell.page\Spell.struct\parallelCastBuff.wc3buff" does not exist
getSheet: sheet "D:\Warcraft III\Mapping\DWC\Scripts\Header\Spell.page\Spell.struct\parallelCastBuff.wc3buff" does not exist
getSheet: sheet "D:\Warcraft III\Mapping\DWC\Scripts\Header\Spell.page\Spell.struct\parallelCastBuff.wc3buff" does not exist
getSheet: sheet "D:\Warcraft III\Mapping\DWC\Scripts\Header\Spell.page\Spell.struct\parallelCastBuff.wc3buff" does not exist
getSheet: sheet "D:\Warcraft III\Mapping\DWC\Scripts\Header\Spell.page\Spell.struct\parallelCastBuff.wc3buff" does not exist
getSheet: sheet "D:\Warcraft III\Mapping\DWC\Scripts\Header\Spell.page\Spell.struct\parallelCastBuff.wc3buff" does not exist
getSheet: sheet "D:\Warcraft III\Mapping\DWC\Scripts\Header\Spell.page\Spell.struct\parallelCastBuff.wc3buff" does not exist
getSheet: sheet "D:\Warcraft III\Mapping\DWC\Scripts\Header\Spell.page\Spell.struct\parallelCastBuff.wc3buff" does not exist
getSheet: sheet "D:\Warcraft III\Mapping\DWC\Scripts\Header\Spell.page\Spell.struct\parallelCastBuff.wc3buff" does not exist
getSheet: sheet "D:\Warcraft III\Mapping\DWC\Scripts\Header\Spell.page\Spell.struct\parallelCastBuff.wc3buff" does not exist
getSheet: sheet "D:\Warcraft III\Mapping\DWC\Scripts\Header\Spell.page\Spell.struct\parallelCastBuff.wc3buff" does not exist
getSheet: sheet "D:\Warcraft III\Mapping\DWC\Scripts\Header\Spell.page\Spell.struct\parallelCastBuff.wc3buff" does not exist
getSheet: sheet "D:\Warcraft III\Mapping\DWC\Scripts\Header\Spell.page\Spell.struct\parallelCastBuff.wc3buff" does not exist
getSheet: sheet "D:\Warcraft III\Mapping\DWC\Scripts\Header\Spell.page\Spell.struct\parallelCastBuff.wc3buff" does not exist
getSheet: sheet "D:\Warcraft III\Mapping\DWC\Scripts\Header\Spell.page\Spell.struct\parallelCastBuff.wc3buff" does not exist
getSheet: sheet "D:\Warcraft III\Mapping\DWC\Scripts\Header\Spell.page\Spell.struct\parallelCastBuff.wc3buff" does not exist
getSheet: sheet "D:\Warcraft III\Mapping\DWC\Scripts\Header\Spell.page\Spell.struct\parallelCastBuff.wc3buff" does not exist
getSheet: sheet "D:\Warcraft III\Mapping\DWC\Scripts\Header\Spell.page\Spell.struct\parallelCastBuff.wc3buff" does not exist
getSheet: sheet "D:\Warcraft III\Mapping\DWC\Scripts\Header\Spell.page\Spell.struct\parallelCastBuff.wc3buff" does not exist
getSheet: sheet "D:\Warcraft III\Mapping\DWC\Scripts\Header\Spell.page\Spell.struct\parallelCastBuff.wc3buff" does not exist
getSheet: sheet "D:\Warcraft III\Mapping\DWC\Scripts\Header\Spell.page\Spell.struct\parallelCastBuff.wc3buff" does not exist
getSheet: sheet "D:\Warcraft III\Mapping\DWC\Scripts\Header\Spell.page\Spell.struct\parallelCastBuff.wc3buff" does not exist
getSheet: sheet "D:\Warcraft III\Mapping\DWC\Scripts\Header\Spell.page\Spell.struct\parallelCastBuff.wc3buff" does not exist
getSheet: sheet "D:\Warcraft III\Mapping\DWC\Scripts\Header\Spell.page\Spell.struct\parallelCastBuff.wc3buff" does not exist
getSheet: sheet "D:\Warcraft III\Mapping\DWC\Scripts\Header\Spell.page\Spell.struct\parallelCastBuff.wc3buff" does not exist
getSheet: sheet "D:\Warcraft III\Mapping\DWC\Scripts\Header\Spell.page\Spell.struct\parallelCastBuff.wc3buff" does not exist
getSheet: sheet "D:\Warcraft III\Mapping\DWC\Scripts\Header\Spell.page\Spell.struct\parallelCastBuff.wc3buff" does not exist
getSheet: sheet "D:\Warcraft III\Mapping\DWC\Scripts\Header\Spell.page\Spell.struct\parallelCastBuff.wc3buff" does not exist
getSheet: sheet "D:\Warcraft III\Mapping\DWC\Scripts\Header\Spell.page\Spell.struct\parallelCastBuff.wc3buff" does not exist
getSheet: sheet "D:\Warcraft III\Mapping\DWC\Scripts\Header\Spell.page\Spell.struct\parallelCastBuff.wc3buff" does not exist
getSheet: sheet "D:\Warcraft III\Mapping\DWC\Scripts\Header\Spell.page\Spell.struct\parallelCastBuff.wc3buff" does not exist
getSheet: sheet "D:\Warcraft III\Mapping\DWC\Scripts\Header\Spell.page\Spell.struct\parallelCastBuff.wc3buff" does not exist
getSheet: sheet "D:\Warcraft III\Mapping\DWC\Scripts\Header\Spell.page\Spell.struct\parallelCastBuff.wc3buff" does not exist
getSheet: sheet "D:\Warcraft III\Mapping\DWC\Scripts\Header\Spell.page\Spell.struct\parallelCastBuff.wc3buff" does not exist
getSheet: sheet "D:\Warcraft III\Mapping\DWC\Scripts\Header\Spell.page\Spell.struct\parallelCastBuff.wc3buff" does not exist
getSheet: sheet "D:\Warcraft III\Mapping\DWC\Scripts\Header\Spell.page\Spell.struct\parallelCastBuff.wc3buff" does not exist
getSheet: sheet "D:\Warcraft III\Mapping\DWC\Scripts\Header\Spell.page\Spell.struct\parallelCastBuff.wc3buff" does not exist
getSheet: sheet "D:\Warcraft III\Mapping\DWC\Scripts\Header\Spell.page\Spell.struct\parallelCastBuff.wc3buff" does not exist
getSheet: sheet "D:\Warcraft III\Mapping\DWC\Scripts\Header\Spell.page\Spell.struct\parallelCastBuff.wc3buff" does not exist
getSheet: sheet "D:\Warcraft III\Mapping\DWC\Scripts\Header\Spell.page\Spell.struct\parallelCastBuff.wc3buff" does not exist
getSheet: sheet "D:\Warcraft III\Mapping\DWC\Scripts\Header\Spell.page\Spell.struct\parallelCastBuff.wc3buff" does not exist
getSheet: sheet "D:\Warcraft III\Mapping\DWC\Scripts\Header\Spell.page\Spell.struct\parallelCastBuff.wc3buff" does not exist
getSheet: sheet "D:\Warcraft III\Mapping\DWC\Scripts\Header\Spell.page\Spell.struct\parallelCastBuff.wc3buff" does not exist
getSheet: sheet "D:\Warcraft III\Mapping\DWC\Scripts\Header\Spell.page\Spell.struct\parallelCastBuff.wc3buff" does not exist
getSheet: sheet "D:\Warcraft III\Mapping\DWC\Scripts\Header\Spell.page\Spell.struct\parallelCastBuff.wc3buff" does not exist
getSheet: sheet "D:\Warcraft III\Mapping\DWC\Scripts\Header\Spell.page\Spell.struct\parallelCastBuff.wc3buff" does not exist
getSheet: sheet "D:\Warcraft III\Mapping\DWC\Scripts\Header\Spell.page\Spell.struct\parallelCastBuff.wc3buff" does not exist
D:\Warcraft III\Mapping\DWC\Scripts\Misc\CreepBuffs\MarkOfThePaw.page\MarkOfThePaw.struct\dummyBuff.wc3buff: unitMod type unrecognized (attackSpeedBonus, <this.wc3obj:attackSpeedInc>)
D:\Warcraft III\Mapping\DWC\Scripts\Misc\Pharmacy.page\Pharmacy.struct\Act1.pack\ScrollOfProtection.page\ScrollOfProtection.struct\Target\dummyBuff.wc3buff: unitMod type unrecognized (armorBonus, <this.wc3obj:armorInc>)
D:\Warcraft III\Mapping\DWC\Scripts\Misc\VictoryRush.page\VictoryRush.struct\dummyBuff.wc3buff: unitMod type unrecognized (moveSpeedBonusRel, <this.wc3obj:moveSpeedRelInc>)
D:\Warcraft III\Mapping\DWC\Scripts\Spells\Act1\Boost.page\Boost.struct\dummyBuff.wc3buff: unitMod type unrecognized (critBonus, <thisSpell.wc3spell:critInc>)
D:\Warcraft III\Mapping\DWC\Scripts\Spells\Act1\BurningSpirit.page\BurningSpirit.struct\dummyBuff.wc3buff: unitMod type unrecognized (moveSpeedBonusRel, <this.wc3obj:moveSpeedRelInc>)
D:\Warcraft III\Mapping\DWC\Scripts\Spells\Act1\EnergyCharge.page\EnergyCharge.struct\Target\dummyBuff.wc3buff: unitMod type unrecognized (dmgBonus, <this.wc3obj:dmgInc>)
D:\Warcraft III\Mapping\DWC\Scripts\Spells\Act2\ColdResistance.page\ColdResistance.struct\dummyBuff.wc3buff: unitMod type unrecognized (armorSpell, <thisSpell.wc3spell:armorInc>)
D:\Warcraft III\Mapping\DWC\Scripts\Spells\Act2\DrumRoll.page\DrumRoll.struct\Target\dummyBuff.wc3buff: unitMod type unrecognized (dmgBonusRel, <this.wc3obj:dmgRelInc>)
D:\Warcraft III\Mapping\DWC\Scripts\Spells\Artifacts\MagicBottle.page\MagicBottle.struct\Buff\dummyBuff.wc3buff: unitMod type unrecognized (spellPowerBonus, <this.wc3obj:spellPowerInc>)
D:\Warcraft III\Mapping\DWC\Scripts\Spells\Artifacts\MagicBottle.page\MagicBottle.struct\Buff\dummyBuff.wc3buff: unitMod type unrecognized (spellPowerBonus, <this.wc3obj:spellPowerInc>)
D:\Warcraft III\Mapping\DWC\Scripts\Spells\Artifacts\WhiteStaff.page\WhiteStaff.struct\Target\dummyBuff.wc3buff: unitMod type unrecognized (evasionBonus, <this.wc3obj:evasionInc>)
D:\Warcraft III\Mapping\DWC\Scripts\Spells\Artifacts\WhiteStaff.page\WhiteStaff.struct\Target\dummyBuff.wc3buff: unitMod type unrecognized (evasionBonus, <this.wc3obj:evasionInc>)
D:\Warcraft III\Mapping\DWC\Scripts\Spells\Elemental\FrozenStar.page\FrozenStar.struct\Target\dummyBuff.wc3buff: unitMod type unrecognized (moveSpeedBonus, <this.wc3obj:moveSpeedInc>)
D:\Warcraft III\Mapping\DWC\Scripts\Spells\Elemental\InnerForce.page\InnerForce.struct\Crit\dummyBuff.wc3buff: unitMod type unrecognized (critBonus, <this.wc3obj:critInc>)
D:\Warcraft III\Mapping\DWC\Scripts\Spells\Elemental\InnerForce.page\InnerForce.struct\Crit\dummyBuff.wc3buff: unitMod type unrecognized (critBonus, <this.wc3obj:critInc>)
D:\Warcraft III\Mapping\DWC\Scripts\Spells\Elemental\Monolith.page\Monolith.struct\SacredAura.page\SacredAura.struct\Target\dummyBuff.wc3buff: unitMod type unrecognized (manaRegenBonus, <this.wc3obj:manaRegenInc>)
D:\Warcraft III\Mapping\DWC\Scripts\Spells\Elemental\Monolith.page\Monolith.struct\SacredAura.page\SacredAura.struct\Target\dummyBuff.wc3buff: unitMod type unrecognized (manaRegenBonus, <this.wc3obj:manaRegenInc>)
D:\Warcraft III\Mapping\DWC\Scripts\Spells\Elemental\Severance.page\Severance.struct\Buff\dummyBuff.wc3buff: unitMod type unrecognized (moveSpeedBonus, <this.wc3obj:moveSpeedInc>)
D:\Warcraft III\Mapping\DWC\Scripts\Spells\Elemental\Severance.page\Severance.struct\Buff\dummyBuff.wc3buff: unitMod type unrecognized (moveSpeedBonus, <this.wc3obj:moveSpeedInc>)
D:\Warcraft III\Mapping\DWC\Scripts\Spells\Elemental\TwinWolves.page\TwinWolves.struct\Carnivore.page\Carnivore.struct\dummyBuff.wc3buff: unitMod type unrecognized (lifeLeech, <this.wc3obj:lifeLeechInc>)
D:\Warcraft III\Mapping\DWC\Scripts\Spells\Elemental\TwinWolves.page\TwinWolves.struct\Carnivore.page\Carnivore.struct\dummyBuff.wc3buff: unitMod type unrecognized (lifeLeech, <this.wc3obj:lifeLeechInc>)
D:\Warcraft III\Mapping\DWC\Scripts\Spells\Elemental\TwinWolves.page\TwinWolves.struct\WolfsMark.page\WolfsMark.struct\dummyBuff.wc3buff: unitMod type unrecognized (lifeLeech, <this.wc3obj:lifeLeechInc>)
D:\Warcraft III\Mapping\DWC\Scripts\Spells\Elemental\TwinWolves.page\TwinWolves.struct\WolfsMark.page\WolfsMark.struct\dummyBuff.wc3buff: unitMod type unrecognized (lifeLeech, <this.wc3obj:lifeLeechInc>)
D:\Warcraft III\Mapping\DWC\Scripts\Spells\Hero\ArcaneAttractor.page\ArcaneAttractor.struct\Target\dummyBuff.wc3buff: unitMod type unrecognized (dmgBonusRel, <this.wc3obj:dmgRelInc>)
D:\Warcraft III\Mapping\DWC\Scripts\Spells\Hero\ArcaneAttractor.page\ArcaneAttractor.struct\Target\dummyBuff.wc3buff: unitMod type unrecognized (dmgBonusRel, <this.wc3obj:dmgRelInc>)
D:\Warcraft III\Mapping\DWC\Scripts\Spells\Hero\EmphaticBite.page\EmphaticBite.struct\Buff\dummyBuff.wc3buff: unitMod type unrecognized (dmgBonusRel, <this.wc3obj:dmgRelInc>)
D:\Warcraft III\Mapping\DWC\Scripts\Spells\Hero\EmphaticBite.page\EmphaticBite.struct\Buff\dummyBuff.wc3buff: unitMod type unrecognized (dmgBonusRel, <this.wc3obj:dmgRelInc>)
D:\Warcraft III\Mapping\DWC\Scripts\Spells\Hero\FountainOfLifeAndDeath.page\FountainOfLifeAndDeath.struct\DecayAura.page\DecayAura.struct\Target\dummyBuff.wc3buff: unitMod type unrecognized (resistanceBonus, <this.wc3obj:resistanceInc>)
D:\Warcraft III\Mapping\DWC\Scripts\Spells\Hero\FountainOfLifeAndDeath.page\FountainOfLifeAndDeath.struct\DecayAura.page\DecayAura.struct\Target\dummyBuff.wc3buff: unitMod type unrecognized (resistanceBonus, <this.wc3obj:resistanceInc>)
D:\Warcraft III\Mapping\DWC\Scripts\Spells\Hero\HandOfNature.page\HandOfNature.struct\Roots\Buff\dummyBuff.wc3buff: unitMod type unrecognized (evasionBonus, <this.wc3obj:evasionInc>)
D:\Warcraft III\Mapping\DWC\Scripts\Spells\Hero\HandOfNature.page\HandOfNature.struct\Roots\Buff\dummyBuff.wc3buff: unitMod type unrecognized (evasionBonus, <this.wc3obj:evasionInc>)
D:\Warcraft III\Mapping\DWC\Scripts\Spells\Hero\Infection.page\Infection.struct\dummyBuff.wc3buff: unitMod type unrecognized (spellPowerBonus, <thisSpell.wc3spell:spellPowerInc>)
D:\Warcraft III\Mapping\DWC\Scripts\Spells\Hero\Infection.page\Infection.struct\dummyBuff.wc3buff: unitMod type unrecognized (spellPowerBonus, <thisSpell.wc3spell:spellPowerInc>)
D:\Warcraft III\Mapping\DWC\Scripts\Spells\Hero\KhakiRecovery.page\KhakiRecovery.struct\moveSpeedBuff.wc3buff: unitMod type unrecognized (moveSpeedBonus, <thisSpell.wc3spell:moveSpeedInc>)
D:\Warcraft III\Mapping\DWC\Scripts\Spells\Hero\ManaColossus.page\TheurgicVessel.struct\Target\dummyBuff.wc3buff: unitMod type unrecognized (spellVampBonus, <this.wc3obj:spellVampInc>)
D:\Warcraft III\Mapping\DWC\Scripts\Spells\Hero\ManaColossus.page\TheurgicVessel.struct\Target\dummyBuff.wc3buff: unitMod type unrecognized (spellVampBonus, <this.wc3obj:spellVampInc>)
D:\Warcraft III\Mapping\DWC\Scripts\Spells\Hero\RelentlessShiver.page\RelentlessShiver.struct\dummyBuff.wc3buff: unitMod type unrecognized (resistanceBonus, <this.wc3obj:resistanceInc>)
D:\Warcraft III\Mapping\DWC\Scripts\Spells\Hero\RelentlessShiver.page\RelentlessShiver.struct\dummyBuff.wc3buff: unitMod type unrecognized (resistanceBonus, <this.wc3obj:resistanceInc>)
D:\Warcraft III\Mapping\DWC\Scripts\Spells\Hero\SleepingDraft.page\SleepingDraft.struct\Buff\dummyBuff.wc3buff: unitMod type unrecognized (attackSpeedBonus, <this.wc3obj:attackSpeedInc>)
D:\Warcraft III\Mapping\DWC\Scripts\Spells\Hero\SleepingDraft.page\SleepingDraft.struct\Buff\dummyBuff.wc3buff: unitMod type unrecognized (attackSpeedBonus, <this.wc3obj:attackSpeedInc>)
D:\Warcraft III\Mapping\DWC\Scripts\Spells\Hero\Susanoo.page\Susanoo.struct\dummyBuff.wc3buff: unitMod type unrecognized (attackSpeedBonus, <thisSpell.wc3spell:attackSpeedInc>)
D:\Warcraft III\Mapping\DWC\Scripts\Spells\Hero\Susanoo.page\Susanoo.struct\dummyBuff.wc3buff: unitMod type unrecognized (attackSpeedBonus, <thisSpell.wc3spell:attackSpeedInc>)
D:\Warcraft III\Mapping\DWC\Scripts\Spells\Hero\TempestStrike.page\TempestStrike.struct\CriticalAttacks\dummyBuff.wc3buff: unitMod type unrecognized (attackSpeedBonus, <this.wc3obj:attackSpeedInc>)
D:\Warcraft III\Mapping\DWC\Scripts\Spells\Hero\TempestStrike.page\TempestStrike.struct\CriticalAttacks\dummyBuff.wc3buff: unitMod type unrecognized (attackSpeedBonus, <this.wc3obj:attackSpeedInc>)
D:\Warcraft III\Mapping\DWC\Scripts\Spells\Hero\WanShroud.page\WanShroud.struct\Target\dummyBuff.wc3buff: unitMod type unrecognized (moveSpeedBonusRel, <this.wc3obj:moveSpeedRelInc>)
D:\Warcraft III\Mapping\DWC\Scripts\Spells\Hero\WanShroud.page\WanShroud.struct\Target\dummyBuff.wc3buff: unitMod type unrecognized (moveSpeedBonusRel, <this.wc3obj:moveSpeedRelInc>)
D:\Warcraft III\Mapping\DWC\Scripts\Spells\Hero\WaterBindings.page\WaterBindings.struct\SoakingAttack.page\SoakingAttack.struct\Target\ChargeBuff[1].wc3buff: unitMod type unrecognized (attackSpeedBonus, <this.wc3obj:attackSpeedInc>)
D:\Warcraft III\Mapping\DWC\Scripts\Spells\Hero\WaterBindings.page\WaterBindings.struct\SoakingAttack.page\SoakingAttack.struct\Target\ChargeBuff[1].wc3buff: unitMod type unrecognized (attackSpeedBonus, <this.wc3obj:attackSpeedInc>)
D:\Warcraft III\Mapping\DWC\Scripts\Spells\Hero\WaterBindings.page\WaterBindings.struct\SoakingAttack.page\SoakingAttack.struct\Target\ChargeBuff[2].wc3buff: unitMod type unrecognized (attackSpeedBonus, <this.wc3obj:attackSpeedInc>)
D:\Warcraft III\Mapping\DWC\Scripts\Spells\Hero\WaterBindings.page\WaterBindings.struct\SoakingAttack.page\SoakingAttack.struct\Target\ChargeBuff[2].wc3buff: unitMod type unrecognized (attackSpeedBonus, <this.wc3obj:attackSpeedInc>)
D:\Warcraft III\Mapping\DWC\Scripts\Spells\Hero\WaterBindings.page\WaterBindings.struct\SoakingAttack.page\SoakingAttack.struct\Target\ChargeBuff[3].wc3buff: unitMod type unrecognized (attackSpeedBonus, <this.wc3obj:attackSpeedInc>)
D:\Warcraft III\Mapping\DWC\Scripts\Spells\Hero\WaterBindings.page\WaterBindings.struct\SoakingAttack.page\SoakingAttack.struct\Target\ChargeBuff[3].wc3buff: unitMod type unrecognized (attackSpeedBonus, <this.wc3obj:attackSpeedInc>)
D:\Warcraft III\Mapping\DWC\Scripts\Spells\Hero\Zodiac.page\ZodiacAura.struct\Target\dummyBuff.wc3buff: unitMod type unrecognized (moveSpeedBonusRel, <this.wc3obj:moveSpeedRelInc>)
D:\Warcraft III\Mapping\DWC\Scripts\Spells\Hero\Zodiac.page\ZodiacAura.struct\Target\dummyBuff.wc3buff: unitMod type unrecognized (moveSpeedBonusRel, <this.wc3obj:moveSpeedRelInc>)
D:\Warcraft III\Mapping\DWC\Scripts\Spells\Misc\BurningSpiritMeteorite.page\BurningSpiritMeteorite.struct\dummyBuff.wc3buff: unitMod type unrecognized (moveSpeedBonusRel, <thisSpell.wc3spell:moveSpeedRelInc>)
output
finished in 4.714 seconds
